16:44:03,151  INFO AuthenticationFilter:31 - Requested Resource::/LoginServlet
16:44:03,406  INFO AuthenticationFilter:31 - Requested Resource::/favicon.ico
16:44:03,406  INFO AuthenticationFilter:40 - Unauthorized access request
16:45:58,904  INFO AuthenticationFilter:20 - AuthenticationFilter initialized
16:45:58,906  INFO RequestLoggingFilter:53 - RequestLoggingFilter Initialized
16:46:07,774  INFO AuthenticationFilter:31 - Requested Resource::/
16:46:07,775  INFO AuthenticationFilter:40 - Unauthorized access request
16:46:07,935  INFO AuthenticationFilter:31 - Requested Resource::/favicon.ico
16:46:07,935  INFO AuthenticationFilter:40 - Unauthorized access request
16:46:11,086  INFO AuthenticationFilter:31 - Requested Resource::/LoginServlet
16:46:11,393  INFO AuthenticationFilter:31 - Requested Resource::/favicon.ico
16:46:11,393  INFO AuthenticationFilter:40 - Unauthorized access request
16:46:40,551  INFO AuthenticationFilter:31 - Requested Resource::/LoginServlet
16:46:40,596  INFO AuthenticationFilter:31 - Requested Resource::/LoginSuccess
16:46:41,509  INFO AuthenticationFilter:31 - Requested Resource::/favicon.ico
16:46:43,677  INFO AuthenticationFilter:31 - Requested Resource::/LogoutServlet
16:46:43,688  INFO AuthenticationFilter:31 - Requested Resource::/views/login.html
16:47:22,928  INFO AuthenticationFilter:20 - AuthenticationFilter initialized
16:47:22,930  INFO RequestLoggingFilter:53 - RequestLoggingFilter Initialized
16:47:29,192  INFO AuthenticationFilter:31 - Requested Resource::/
16:47:29,192  INFO AuthenticationFilter:40 - Unauthorized access request
16:47:33,428  INFO AuthenticationFilter:31 - Requested Resource::/LoginServlet
16:48:28,841  INFO AuthenticationFilter:20 - AuthenticationFilter initialized
16:48:28,842  INFO RequestLoggingFilter:53 - RequestLoggingFilter Initialized
16:48:35,876  INFO AuthenticationFilter:31 - Requested Resource::/
16:48:35,876  INFO AuthenticationFilter:40 - Unauthorized access request
16:48:35,906  INFO AuthenticationFilter:31 - Requested Resource::/views/css/form-style-6.css
16:48:35,957  INFO AuthenticationFilter:31 - Requested Resource::/views/images/yellowIntro.jpg
16:48:41,519  INFO AuthenticationFilter:31 - Requested Resource::/LoginServlet
16:50:05,870  INFO AuthenticationFilter:20 - AuthenticationFilter initialized
16:50:05,872  INFO RequestLoggingFilter:53 - RequestLoggingFilter Initialized
16:50:13,735  INFO AuthenticationFilter:31 - Requested Resource::/
16:50:13,735  INFO AuthenticationFilter:40 - Unauthorized access request
16:50:17,979  INFO AuthenticationFilter:31 - Requested Resource::/LoginServlet
16:53:04,691  INFO AuthenticationFilter:20 - AuthenticationFilter initialized
16:53:04,693  INFO RequestLoggingFilter:53 - RequestLoggingFilter Initialized
16:53:10,172  INFO AuthenticationFilter:31 - Requested Resource::/
16:53:10,172  INFO AuthenticationFilter:40 - Unauthorized access request
16:53:14,696  INFO AuthenticationFilter:31 - Requested Resource::/LoginServlet
16:53:32,859  INFO AuthenticationFilter:31 - Requested Resource::/LoginServlet
16:53:32,909  INFO AuthenticationFilter:31 - Requested Resource::/LoginSuccess
16:56:57,638  INFO AuthenticationFilter:31 - Requested Resource::/LogoutServlet
16:56:57,647  INFO AuthenticationFilter:31 - Requested Resource::/views/login.html
16:57:02,388  INFO AuthenticationFilter:31 - Requested Resource::/LoginServlet
16:58:21,656  INFO AuthenticationFilter:31 - Requested Resource::/LoginServlet
16:58:21,669  INFO AuthenticationFilter:31 - Requested Resource::/LoginSuccess
16:58:21,669  INFO AuthenticationFilter:40 - Unauthorized access request
16:58:45,165  INFO AuthenticationFilter:20 - AuthenticationFilter initialized
16:58:45,167  INFO RequestLoggingFilter:53 - RequestLoggingFilter Initialized
16:58:49,100  INFO AuthenticationFilter:31 - Requested Resource::/LoginServlet
16:58:49,258  INFO AuthenticationFilter:31 - Requested Resource::/LoginSuccess
16:59:08,406  INFO AuthenticationFilter:31 - Requested Resource::/views/showGoals.jsp
16:59:08,407  INFO AuthenticationFilter:40 - Unauthorized access request
16:59:08,437  INFO AuthenticationFilter:31 - Requested Resource::/views/css/form-style-6.css
16:59:35,946  INFO AuthenticationFilter:20 - AuthenticationFilter initialized
16:59:35,948  INFO RequestLoggingFilter:53 - RequestLoggingFilter Initialized
16:59:44,444  INFO AuthenticationFilter:31 - Requested Resource::/LoginServlet
16:59:44,599  INFO AuthenticationFilter:31 - Requested Resource::/LoginSuccess
17:19:24,782  INFO AuthenticationFilter:20 - AuthenticationFilter initialized
17:19:24,784  INFO RequestLoggingFilter:53 - RequestLoggingFilter Initialized
17:19:26,721  INFO AuthenticationFilter:31 - Requested Resource::/LogoutServlet
17:19:26,721  INFO AuthenticationFilter:40 - Unauthorized access request
17:19:26,725  INFO AuthenticationFilter:31 - Requested Resource::/views/login.html
17:19:26,742  INFO AuthenticationFilter:31 - Requested Resource::/views/css/form-style-6.css
17:19:26,799  INFO AuthenticationFilter:31 - Requested Resource::/views/images/yellowIntro.jpg
17:19:30,912  INFO AuthenticationFilter:31 - Requested Resource::/LoginServlet
17:19:31,206  INFO AuthenticationFilter:31 - Requested Resource::/LoginSuccess
17:21:52,745  INFO AuthenticationFilter:20 - AuthenticationFilter initialized
17:21:52,746  INFO RequestLoggingFilter:53 - RequestLoggingFilter Initialized
17:21:56,942  INFO AuthenticationFilter:31 - Requested Resource::/LogoutServlet
17:21:56,942  INFO AuthenticationFilter:40 - Unauthorized access request
17:21:56,949  INFO AuthenticationFilter:31 - Requested Resource::/views/login.html
17:21:59,853  INFO AuthenticationFilter:31 - Requested Resource::/LoginServlet
17:22:00,062  INFO AuthenticationFilter:31 - Requested Resource::/LoginSuccess
17:26:44,509  INFO AuthenticationFilter:20 - AuthenticationFilter initialized
17:26:44,511  INFO RequestLoggingFilter:53 - RequestLoggingFilter Initialized
17:26:46,475  INFO AuthenticationFilter:31 - Requested Resource::/LogoutServlet
17:26:46,476  INFO AuthenticationFilter:40 - Unauthorized access request
17:26:46,480  INFO AuthenticationFilter:31 - Requested Resource::/views/login.html
17:26:48,413  INFO AuthenticationFilter:31 - Requested Resource::/LoginServlet
17:26:53,361  INFO AuthenticationFilter:31 - Requested Resource::/LoginServlet
17:26:53,417  INFO AuthenticationFilter:31 - Requested Resource::/LoginSuccess
17:26:54,115  INFO AuthenticationFilter:31 - Requested Resource::/views/css/loginSuccess.css
17:27:33,067  INFO AuthenticationFilter:31 - Requested Resource::/LogoutServlet
17:27:33,081  INFO AuthenticationFilter:31 - Requested Resource::/views/login.html
17:27:38,292  INFO AuthenticationFilter:31 - Requested Resource::/LoginServlet
17:27:38,337  INFO AuthenticationFilter:31 - Requested Resource::/LoginSuccess
17:27:38,443  INFO AuthenticationFilter:31 - Requested Resource::/views/css/loginSuccess.css
17:35:18,912  INFO AuthenticationFilter:20 - AuthenticationFilter initialized
17:35:18,914  INFO RequestLoggingFilter:53 - RequestLoggingFilter Initialized
17:35:21,798  INFO AuthenticationFilter:31 - Requested Resource::/LogoutServlet
17:35:21,798  INFO AuthenticationFilter:40 - Unauthorized access request
17:35:21,803  INFO AuthenticationFilter:31 - Requested Resource::/views/login.html
17:35:21,815  INFO AuthenticationFilter:31 - Requested Resource::/views/css/form-style-6.css
17:35:21,872  INFO AuthenticationFilter:31 - Requested Resource::/views/images/yellowIntro.jpg
17:35:25,266  INFO AuthenticationFilter:31 - Requested Resource::/LoginServlet
17:35:25,528  INFO AuthenticationFilter:31 - Requested Resource::/LoginSuccess
17:35:26,236  INFO AuthenticationFilter:31 - Requested Resource::/views/script/loginSuccess.js
17:35:26,236  INFO AuthenticationFilter:31 - Requested Resource::/views/css/loginSuccess.css
17:36:44,385  INFO AuthenticationFilter:20 - AuthenticationFilter initialized
17:36:44,386  INFO RequestLoggingFilter:53 - RequestLoggingFilter Initialized
17:36:54,461  INFO AuthenticationFilter:31 - Requested Resource::/LogoutServlet
17:36:54,462  INFO AuthenticationFilter:40 - Unauthorized access request
17:36:54,466  INFO AuthenticationFilter:31 - Requested Resource::/views/login.html
17:36:58,016  INFO AuthenticationFilter:31 - Requested Resource::/LoginServlet
17:36:58,296  INFO AuthenticationFilter:31 - Requested Resource::/LoginSuccess
17:36:59,043  INFO AuthenticationFilter:31 - Requested Resource::/views/css/loginSuccess.css
18:05:58,183  INFO AuthenticationFilter:20 - AuthenticationFilter initialized
18:05:58,184  INFO RequestLoggingFilter:53 - RequestLoggingFilter Initialized
18:06:24,936  INFO AuthenticationFilter:20 - AuthenticationFilter initialized
18:06:24,937  INFO RequestLoggingFilter:53 - RequestLoggingFilter Initialized
18:06:31,083  INFO AuthenticationFilter:31 - Requested Resource::/LogoutServlet
18:06:31,083  INFO AuthenticationFilter:40 - Unauthorized access request
18:06:31,088  INFO AuthenticationFilter:31 - Requested Resource::/views/login.html
18:06:31,108  INFO AuthenticationFilter:31 - Requested Resource::/views/css/form-style-6.css
18:06:31,155  INFO AuthenticationFilter:31 - Requested Resource::/views/images/yellowIntro.jpg
18:06:34,846  INFO AuthenticationFilter:31 - Requested Resource::/LoginServlet
18:06:35,126  INFO AuthenticationFilter:31 - Requested Resource::/LoginSuccess
18:06:35,908  INFO AuthenticationFilter:31 - Requested Resource::/views/css/loginSuccess2.css
18:07:50,419  INFO AuthenticationFilter:20 - AuthenticationFilter initialized
18:07:50,422  INFO RequestLoggingFilter:53 - RequestLoggingFilter Initialized
18:07:57,888  INFO AuthenticationFilter:31 - Requested Resource::/LogoutServlet
18:07:57,888  INFO AuthenticationFilter:40 - Unauthorized access request
18:07:57,898  INFO AuthenticationFilter:31 - Requested Resource::/views/login.html
18:07:59,391  INFO AuthenticationFilter:31 - Requested Resource::/LoginServlet
18:08:02,142  INFO AuthenticationFilter:31 - Requested Resource::/LoginServlet
18:08:02,187  INFO AuthenticationFilter:31 - Requested Resource::/LoginSuccess
18:08:02,414  INFO AuthenticationFilter:31 - Requested Resource::/LoginServlet
18:08:02,438  INFO AuthenticationFilter:31 - Requested Resource::/LoginSuccess
18:08:03,142  INFO AuthenticationFilter:31 - Requested Resource::/views/script/loginSuccess.js
18:08:03,148  INFO AuthenticationFilter:31 - Requested Resource::/views/css/loginSuccess2.css
18:10:46,078  INFO AuthenticationFilter:20 - AuthenticationFilter initialized
18:10:46,079  INFO RequestLoggingFilter:53 - RequestLoggingFilter Initialized
18:10:50,112  INFO AuthenticationFilter:31 - Requested Resource::/LogoutServlet
18:10:50,112  INFO AuthenticationFilter:40 - Unauthorized access request
18:10:50,125  INFO AuthenticationFilter:31 - Requested Resource::/views/login.html
18:10:53,776  INFO AuthenticationFilter:31 - Requested Resource::/LoginServlet
18:10:54,043  INFO AuthenticationFilter:31 - Requested Resource::/LoginSuccess
18:10:54,725  INFO AuthenticationFilter:31 - Requested Resource::/views/script/loginSuccess.js
18:10:54,725  INFO AuthenticationFilter:31 - Requested Resource::/views/css/loginSuccess2.css
18:11:24,523  INFO AuthenticationFilter:20 - AuthenticationFilter initialized
18:11:24,524  INFO RequestLoggingFilter:53 - RequestLoggingFilter Initialized
18:11:26,471  INFO AuthenticationFilter:31 - Requested Resource::/LoginSuccess
18:11:26,471  INFO AuthenticationFilter:40 - Unauthorized access request
18:11:26,477  INFO AuthenticationFilter:31 - Requested Resource::/views/login.html
18:11:30,201  INFO AuthenticationFilter:31 - Requested Resource::/LoginServlet
18:11:30,449  INFO AuthenticationFilter:31 - Requested Resource::/LoginSuccess
18:11:31,136  INFO AuthenticationFilter:31 - Requested Resource::/views/css/loginSuccess2.css
18:11:31,138  INFO AuthenticationFilter:31 - Requested Resource::/views/script/loginSuccess.js
18:12:08,382  INFO AuthenticationFilter:31 - Requested Resource::/views/showGoals.jsp
18:12:13,035  INFO AuthenticationFilter:31 - Requested Resource::/LoginSuccess
18:12:13,124  INFO AuthenticationFilter:31 - Requested Resource::/views/css/loginSuccess2.css
18:12:13,132  INFO AuthenticationFilter:31 - Requested Resource::/views/script/loginSuccess.js
18:13:03,471  INFO AuthenticationFilter:31 - Requested Resource::/LogoutServlet
18:13:03,490  INFO AuthenticationFilter:31 - Requested Resource::/views/login.html
18:13:09,788  INFO AuthenticationFilter:31 - Requested Resource::/LoginServlet
18:13:09,825  INFO AuthenticationFilter:31 - Requested Resource::/LoginSuccess
18:13:10,281  INFO AuthenticationFilter:31 - Requested Resource::/views/css/loginSuccess2.css
18:13:10,285  INFO AuthenticationFilter:31 - Requested Resource::/views/script/loginSuccess.js
18:13:35,829  INFO AuthenticationFilter:31 - Requested Resource::/views/showGoals.jsp
18:13:37,503  INFO AuthenticationFilter:31 - Requested Resource::/LoginSuccess
18:13:37,574  INFO AuthenticationFilter:31 - Requested Resource::/views/css/loginSuccess2.css
18:13:40,772  INFO AuthenticationFilter:31 - Requested Resource::/views/addExercise.jsp
18:13:40,994  INFO AuthenticationFilter:31 - Requested Resource::/views/images/sw1.jpg
18:14:13,822  INFO AuthenticationFilter:31 - Requested Resource::/LogoutServlet
18:14:13,837  INFO AuthenticationFilter:31 - Requested Resource::/views/login.html
18:14:19,290  INFO AuthenticationFilter:31 - Requested Resource::/LoginServlet
18:14:19,324  INFO AuthenticationFilter:31 - Requested Resource::/LoginSuccess
18:14:19,806  INFO AuthenticationFilter:31 - Requested Resource::/views/css/loginSuccess2.css
18:14:19,808  INFO AuthenticationFilter:31 - Requested Resource::/views/script/loginSuccess.js
18:15:34,560  INFO AuthenticationFilter:20 - AuthenticationFilter initialized
18:15:34,561  INFO RequestLoggingFilter:53 - RequestLoggingFilter Initialized
18:15:38,241  INFO AuthenticationFilter:31 - Requested Resource::/LogoutServlet
18:15:38,241  INFO AuthenticationFilter:40 - Unauthorized access request
18:15:38,248  INFO AuthenticationFilter:31 - Requested Resource::/views/login.html
18:15:41,830  INFO AuthenticationFilter:31 - Requested Resource::/LoginServlet
18:15:42,062  INFO AuthenticationFilter:31 - Requested Resource::/LoginSuccess
18:15:42,860  INFO AuthenticationFilter:31 - Requested Resource::/views/css/loginSuccess2.css
18:15:42,860  INFO AuthenticationFilter:31 - Requested Resource::/views/script/loginSuccess.js
18:20:14,042  INFO AuthenticationFilter:20 - AuthenticationFilter initialized
18:20:14,044  INFO RequestLoggingFilter:53 - RequestLoggingFilter Initialized
18:20:21,453  INFO AuthenticationFilter:31 - Requested Resource::/LogoutServlet
18:20:21,454  INFO AuthenticationFilter:40 - Unauthorized access request
18:20:21,469  INFO AuthenticationFilter:31 - Requested Resource::/views/login.html
18:20:25,055  INFO AuthenticationFilter:31 - Requested Resource::/LoginServlet
18:20:25,306  INFO AuthenticationFilter:31 - Requested Resource::/LoginSuccess
18:20:26,075  INFO AuthenticationFilter:31 - Requested Resource::/views/css/loginSuccess2.css
18:20:26,075  INFO AuthenticationFilter:31 - Requested Resource::/views/script/loginSuccess.js
18:22:28,833  INFO AuthenticationFilter:20 - AuthenticationFilter initialized
18:22:28,834  INFO RequestLoggingFilter:53 - RequestLoggingFilter Initialized
18:22:33,785  INFO AuthenticationFilter:31 - Requested Resource::/LogoutServlet
18:22:33,785  INFO AuthenticationFilter:40 - Unauthorized access request
18:22:33,792  INFO AuthenticationFilter:31 - Requested Resource::/views/login.html
18:22:37,563  INFO AuthenticationFilter:31 - Requested Resource::/LoginServlet
18:22:37,867  INFO AuthenticationFilter:31 - Requested Resource::/LoginSuccess
18:22:38,561  INFO AuthenticationFilter:31 - Requested Resource::/views/css/loginSuccess2.css
18:22:38,606  INFO AuthenticationFilter:31 - Requested Resource::/views/script/loginSuccess.js
18:22:55,544  INFO AuthenticationFilter:31 - Requested Resource::/LogoutServlet
18:22:55,565  INFO AuthenticationFilter:31 - Requested Resource::/views/login.html
18:25:53,324  INFO AuthenticationFilter:20 - AuthenticationFilter initialized
18:25:53,326  INFO RequestLoggingFilter:53 - RequestLoggingFilter Initialized
18:25:59,886  INFO AuthenticationFilter:31 - Requested Resource::/LoginServlet
18:26:00,042  INFO AuthenticationFilter:31 - Requested Resource::/LoginSuccess
18:26:00,982  INFO AuthenticationFilter:31 - Requested Resource::/views/css/loginSuccess2.css
18:26:00,982  INFO AuthenticationFilter:31 - Requested Resource::/views/script/loginSuccess.js
18:26:01,059  INFO AuthenticationFilter:31 - Requested Resource::/views/images/yellowIntro.jpg
18:27:45,749  INFO AuthenticationFilter:20 - AuthenticationFilter initialized
18:27:45,750  INFO RequestLoggingFilter:53 - RequestLoggingFilter Initialized
18:27:51,747  INFO AuthenticationFilter:31 - Requested Resource::/LogoutServlet
18:27:51,747  INFO AuthenticationFilter:40 - Unauthorized access request
18:27:51,752  INFO AuthenticationFilter:31 - Requested Resource::/views/login.html
18:27:51,764  INFO AuthenticationFilter:31 - Requested Resource::/views/css/form-style-6.css
18:27:56,413  INFO AuthenticationFilter:31 - Requested Resource::/LoginServlet
18:27:56,659  INFO AuthenticationFilter:31 - Requested Resource::/LoginSuccess
18:27:57,454  INFO AuthenticationFilter:31 - Requested Resource::/views/css/loginSuccess2.css
18:27:57,455  INFO AuthenticationFilter:31 - Requested Resource::/views/script/loginSuccess.js
18:30:44,918  INFO AuthenticationFilter:20 - AuthenticationFilter initialized
18:30:44,919  INFO RequestLoggingFilter:53 - RequestLoggingFilter Initialized
18:30:50,889  INFO AuthenticationFilter:31 - Requested Resource::/LogoutServlet
18:30:50,890  INFO AuthenticationFilter:40 - Unauthorized access request
18:30:50,895  INFO AuthenticationFilter:31 - Requested Resource::/views/login.html
18:30:54,634  INFO AuthenticationFilter:31 - Requested Resource::/LoginServlet
18:30:54,810  INFO AuthenticationFilter:31 - Requested Resource::/LoginSuccess
18:30:55,469  INFO AuthenticationFilter:31 - Requested Resource::/views/css/loginSuccess2.css
18:30:55,473  INFO AuthenticationFilter:31 - Requested Resource::/views/script/loginSuccess.js
18:31:12,585  INFO AuthenticationFilter:31 - Requested Resource::/views/css/loginSuccess2.css
18:32:36,533  INFO AuthenticationFilter:20 - AuthenticationFilter initialized
18:32:36,534  INFO RequestLoggingFilter:53 - RequestLoggingFilter Initialized
18:32:39,922  INFO AuthenticationFilter:31 - Requested Resource::/LogoutServlet
18:32:39,922  INFO AuthenticationFilter:40 - Unauthorized access request
18:32:39,931  INFO AuthenticationFilter:31 - Requested Resource::/views/login.html
18:32:39,952  INFO AuthenticationFilter:31 - Requested Resource::/views/css/form-style-6.css
18:32:40,043  INFO AuthenticationFilter:31 - Requested Resource::/views/images/yellowIntro.jpg
18:32:42,919  INFO AuthenticationFilter:31 - Requested Resource::/LoginServlet
18:32:43,165  INFO AuthenticationFilter:31 - Requested Resource::/LoginSuccess
18:32:43,871  INFO AuthenticationFilter:31 - Requested Resource::/views/css/loginSuccess2.css
18:32:43,872  INFO AuthenticationFilter:31 - Requested Resource::/views/script/loginSuccess.js
18:33:01,541  INFO AuthenticationFilter:20 - AuthenticationFilter initialized
18:33:01,542  INFO RequestLoggingFilter:53 - RequestLoggingFilter Initialized
18:33:06,613  INFO AuthenticationFilter:31 - Requested Resource::/LogoutServlet
18:33:06,613  INFO AuthenticationFilter:40 - Unauthorized access request
18:33:06,620  INFO AuthenticationFilter:31 - Requested Resource::/views/login.html
18:33:09,717  INFO AuthenticationFilter:31 - Requested Resource::/LoginServlet
18:33:09,995  INFO AuthenticationFilter:31 - Requested Resource::/LoginSuccess
18:33:10,852  INFO AuthenticationFilter:31 - Requested Resource::/views/css/loginSuccess2.css
18:33:23,246  INFO AuthenticationFilter:31 - Requested Resource::/LogoutServlet
18:33:23,259  INFO AuthenticationFilter:31 - Requested Resource::/views/login.html
18:34:24,968  INFO AuthenticationFilter:20 - AuthenticationFilter initialized
18:34:24,971  INFO RequestLoggingFilter:53 - RequestLoggingFilter Initialized
18:34:32,091  INFO AuthenticationFilter:31 - Requested Resource::/LoginServlet
18:34:32,260  INFO AuthenticationFilter:31 - Requested Resource::/LoginSuccess
18:34:32,990  INFO AuthenticationFilter:31 - Requested Resource::/views/css/loginSuccess2.css
18:35:02,083  INFO AuthenticationFilter:31 - Requested Resource::/views/addExercise.jsp
18:36:39,578  INFO AuthenticationFilter:20 - AuthenticationFilter initialized
18:36:39,579  INFO RequestLoggingFilter:53 - RequestLoggingFilter Initialized
18:36:49,043  INFO AuthenticationFilter:31 - Requested Resource::/LogoutServlet
18:36:49,044  INFO AuthenticationFilter:40 - Unauthorized access request
18:36:49,052  INFO AuthenticationFilter:31 - Requested Resource::/views/login.html
18:36:52,891  INFO AuthenticationFilter:31 - Requested Resource::/LoginServlet
18:36:53,096  INFO AuthenticationFilter:31 - Requested Resource::/LoginSuccess
18:36:53,839  INFO AuthenticationFilter:31 - Requested Resource::/views/css/loginSuccess2.css
18:36:53,842  INFO AuthenticationFilter:31 - Requested Resource::/views/script/loginSuccess.js
18:37:18,879  INFO AuthenticationFilter:31 - Requested Resource::/CheckoutPage.jsp
18:37:31,238  INFO AuthenticationFilter:31 - Requested Resource::/LogoutServlet
18:37:31,253  INFO AuthenticationFilter:31 - Requested Resource::/views/login.html
18:37:36,573  INFO AuthenticationFilter:31 - Requested Resource::/LoginServlet
18:37:36,602  INFO AuthenticationFilter:31 - Requested Resource::/LoginSuccess
18:37:37,095  INFO AuthenticationFilter:31 - Requested Resource::/views/css/loginSuccess2.css
18:46:54,289  INFO AuthenticationFilter:20 - AuthenticationFilter initialized
18:46:54,290  INFO RequestLoggingFilter:53 - RequestLoggingFilter Initialized
18:46:58,489  INFO AuthenticationFilter:31 - Requested Resource::/LogoutServlet
18:46:58,489  INFO AuthenticationFilter:40 - Unauthorized access request
18:46:58,496  INFO AuthenticationFilter:31 - Requested Resource::/views/login.html
18:47:01,932  INFO AuthenticationFilter:31 - Requested Resource::/LoginServlet
18:47:02,189  INFO AuthenticationFilter:31 - Requested Resource::/LoginSuccess
18:47:02,895  INFO AuthenticationFilter:31 - Requested Resource::/views/css/loginSuccess2.css
18:47:02,897  INFO AuthenticationFilter:31 - Requested Resource::/views/script/loginSuccess.js
18:49:54,097  INFO AuthenticationFilter:20 - AuthenticationFilter initialized
18:49:54,098  INFO RequestLoggingFilter:53 - RequestLoggingFilter Initialized
18:49:59,271  INFO AuthenticationFilter:31 - Requested Resource::/LogoutServlet
18:49:59,271  INFO AuthenticationFilter:40 - Unauthorized access request
18:49:59,278  INFO AuthenticationFilter:31 - Requested Resource::/views/login.html
18:50:02,948  INFO AuthenticationFilter:31 - Requested Resource::/LoginServlet
18:50:03,221  INFO AuthenticationFilter:31 - Requested Resource::/LoginSuccess
18:50:03,849  INFO AuthenticationFilter:31 - Requested Resource::/views/css/loginSuccess2.css
18:52:36,981  INFO AuthenticationFilter:20 - AuthenticationFilter initialized
18:52:36,982  INFO RequestLoggingFilter:53 - RequestLoggingFilter Initialized
18:52:44,550  INFO AuthenticationFilter:31 - Requested Resource::/LoginServlet
18:52:44,730  INFO AuthenticationFilter:31 - Requested Resource::/LoginSuccess
18:52:45,526  INFO AuthenticationFilter:31 - Requested Resource::/views/script/loginSuccess.js
18:52:45,531  INFO AuthenticationFilter:31 - Requested Resource::/views/css/loginSuccess2.css
19:02:03,315  INFO AuthenticationFilter:20 - AuthenticationFilter initialized
19:02:03,316  INFO RequestLoggingFilter:53 - RequestLoggingFilter Initialized
19:02:09,143  INFO AuthenticationFilter:31 - Requested Resource::/LogoutServlet
19:02:09,144  INFO AuthenticationFilter:40 - Unauthorized access request
19:02:09,150  INFO AuthenticationFilter:31 - Requested Resource::/views/login.html
19:02:09,165  INFO AuthenticationFilter:31 - Requested Resource::/views/css/form-style-6.css
19:02:09,264  INFO AuthenticationFilter:31 - Requested Resource::/views/images/yellowIntro.jpg
19:02:12,482  INFO AuthenticationFilter:31 - Requested Resource::/LoginServlet
19:02:12,636  INFO AuthenticationFilter:31 - Requested Resource::/LoginSuccess
19:02:13,413  INFO AuthenticationFilter:31 - Requested Resource::/views/css/loginSuccess2.css
19:02:13,414  INFO AuthenticationFilter:31 - Requested Resource::/views/script/loginSuccess.js
19:03:33,966  INFO AuthenticationFilter:20 - AuthenticationFilter initialized
19:03:33,983  INFO RequestLoggingFilter:53 - RequestLoggingFilter Initialized
19:03:38,333  INFO AuthenticationFilter:31 - Requested Resource::/LogoutServlet
19:03:38,334  INFO AuthenticationFilter:40 - Unauthorized access request
19:03:38,340  INFO AuthenticationFilter:31 - Requested Resource::/views/login.html
19:03:42,093  INFO AuthenticationFilter:31 - Requested Resource::/LoginServlet
19:03:42,348  INFO AuthenticationFilter:31 - Requested Resource::/LoginSuccess
19:03:43,177  INFO AuthenticationFilter:31 - Requested Resource::/views/css/loginSuccess2.css
19:05:59,461  INFO AuthenticationFilter:20 - AuthenticationFilter initialized
19:05:59,463  INFO RequestLoggingFilter:53 - RequestLoggingFilter Initialized
19:06:07,941  INFO AuthenticationFilter:31 - Requested Resource::/LogoutServlet
19:06:07,941  INFO AuthenticationFilter:40 - Unauthorized access request
19:06:07,951  INFO AuthenticationFilter:31 - Requested Resource::/views/login.html
19:06:11,410  INFO AuthenticationFilter:31 - Requested Resource::/LoginServlet
19:06:11,660  INFO AuthenticationFilter:31 - Requested Resource::/LoginSuccess
19:06:12,400  INFO AuthenticationFilter:31 - Requested Resource::/views/css/loginSuccess2.css
19:07:20,087  INFO AuthenticationFilter:20 - AuthenticationFilter initialized
19:07:20,088  INFO RequestLoggingFilter:53 - RequestLoggingFilter Initialized
19:07:25,128  INFO AuthenticationFilter:31 - Requested Resource::/LoginServlet
19:07:25,289  INFO AuthenticationFilter:31 - Requested Resource::/LoginSuccess
19:09:59,660  INFO AuthenticationFilter:20 - AuthenticationFilter initialized
19:09:59,662  INFO RequestLoggingFilter:53 - RequestLoggingFilter Initialized
19:10:03,914  INFO AuthenticationFilter:31 - Requested Resource::/LogoutServlet
19:10:03,915  INFO AuthenticationFilter:40 - Unauthorized access request
19:10:03,920  INFO AuthenticationFilter:31 - Requested Resource::/views/login.html
19:10:07,780  INFO AuthenticationFilter:31 - Requested Resource::/LoginServlet
19:10:08,028  INFO AuthenticationFilter:31 - Requested Resource::/LoginSuccess
19:10:08,982  INFO AuthenticationFilter:31 - Requested Resource::/views/css/loginSuccess2.css
19:10:08,983  INFO AuthenticationFilter:31 - Requested Resource::/views/script/loginSuccess.js
19:10:50,828  INFO AuthenticationFilter:20 - AuthenticationFilter initialized
19:10:50,829  INFO RequestLoggingFilter:53 - RequestLoggingFilter Initialized
19:10:55,978  INFO AuthenticationFilter:31 - Requested Resource::/LogoutServlet
19:10:55,978  INFO AuthenticationFilter:40 - Unauthorized access request
19:10:55,984  INFO AuthenticationFilter:31 - Requested Resource::/views/login.html
19:10:59,156  INFO AuthenticationFilter:31 - Requested Resource::/LoginServlet
19:10:59,381  INFO AuthenticationFilter:31 - Requested Resource::/LoginSuccess
19:10:59,748  INFO AuthenticationFilter:31 - Requested Resource::/LoginServlet
19:10:59,805  INFO AuthenticationFilter:31 - Requested Resource::/LoginSuccess
19:11:28,582  INFO AuthenticationFilter:20 - AuthenticationFilter initialized
19:11:28,583  INFO RequestLoggingFilter:53 - RequestLoggingFilter Initialized
19:12:44,967  INFO AuthenticationFilter:20 - AuthenticationFilter initialized
19:12:44,969  INFO RequestLoggingFilter:53 - RequestLoggingFilter Initialized
19:13:04,670  INFO AuthenticationFilter:31 - Requested Resource::/LogoutServlet
19:13:04,670  INFO AuthenticationFilter:40 - Unauthorized access request
19:13:04,676  INFO AuthenticationFilter:31 - Requested Resource::/views/login.html
19:13:08,085  INFO AuthenticationFilter:31 - Requested Resource::/LoginServlet
19:13:08,327  INFO AuthenticationFilter:31 - Requested Resource::/LoginSuccess
19:13:09,011  INFO AuthenticationFilter:31 - Requested Resource::/views/css/loginSuccess2.css
19:13:33,093  INFO AuthenticationFilter:20 - AuthenticationFilter initialized
19:13:33,095  INFO RequestLoggingFilter:53 - RequestLoggingFilter Initialized
19:13:38,095  INFO AuthenticationFilter:31 - Requested Resource::/LoginServlet
19:13:38,251  INFO AuthenticationFilter:31 - Requested Resource::/LoginSuccess
19:14:47,777  INFO AuthenticationFilter:31 - Requested Resource::/LoginServlet
19:14:47,814  INFO AuthenticationFilter:31 - Requested Resource::/LoginSuccess
19:14:55,630  INFO AuthenticationFilter:20 - AuthenticationFilter initialized
19:14:55,631  INFO RequestLoggingFilter:53 - RequestLoggingFilter Initialized
19:15:01,809  INFO AuthenticationFilter:31 - Requested Resource::/LoginSuccess
19:15:01,809  INFO AuthenticationFilter:40 - Unauthorized access request
19:15:01,814  INFO AuthenticationFilter:31 - Requested Resource::/views/login.html
19:15:01,830  INFO AuthenticationFilter:31 - Requested Resource::/views/css/form-style-6.css
19:15:01,873  INFO AuthenticationFilter:31 - Requested Resource::/views/images/yellowIntro.jpg
19:15:01,979  INFO AuthenticationFilter:31 - Requested Resource::/favicon.ico
19:15:01,979  INFO AuthenticationFilter:40 - Unauthorized access request
19:15:05,456  INFO AuthenticationFilter:31 - Requested Resource::/LoginServlet
19:15:05,743  INFO AuthenticationFilter:31 - Requested Resource::/LoginSuccess
19:15:05,903  INFO AuthenticationFilter:31 - Requested Resource::/LoginServlet
19:15:05,943  INFO AuthenticationFilter:31 - Requested Resource::/LoginSuccess
19:15:06,634  INFO AuthenticationFilter:31 - Requested Resource::/LoginServlet
19:15:06,650  INFO AuthenticationFilter:31 - Requested Resource::/LoginSuccess
19:15:06,885  INFO AuthenticationFilter:31 - Requested Resource::/favicon.ico
19:18:27,728  INFO AuthenticationFilter:20 - AuthenticationFilter initialized
19:18:27,729  INFO RequestLoggingFilter:53 - RequestLoggingFilter Initialized
19:18:34,547  INFO AuthenticationFilter:31 - Requested Resource::/LogoutServlet
19:18:34,547  INFO AuthenticationFilter:40 - Unauthorized access request
19:18:34,554  INFO AuthenticationFilter:31 - Requested Resource::/views/login.html
19:18:37,541  INFO AuthenticationFilter:31 - Requested Resource::/LoginServlet
19:18:37,802  INFO AuthenticationFilter:31 - Requested Resource::/LoginSuccess
19:18:38,744  INFO AuthenticationFilter:31 - Requested Resource::/views/css/loginSuccess2.css
19:18:38,745  INFO AuthenticationFilter:31 - Requested Resource::/views/script/loginSuccess.js
19:20:45,822  INFO AuthenticationFilter:20 - AuthenticationFilter initialized
19:20:45,823  INFO RequestLoggingFilter:53 - RequestLoggingFilter Initialized
19:20:50,906  INFO AuthenticationFilter:31 - Requested Resource::/LogoutServlet
19:20:50,906  INFO AuthenticationFilter:40 - Unauthorized access request
19:20:50,916  INFO AuthenticationFilter:31 - Requested Resource::/views/login.html
19:20:54,024  INFO AuthenticationFilter:31 - Requested Resource::/LoginServlet
19:20:54,311  INFO AuthenticationFilter:31 - Requested Resource::/LoginSuccess
19:21:03,355  INFO AuthenticationFilter:31 - Requested Resource::/views/addExercise.jsp
19:21:03,494  INFO AuthenticationFilter:31 - Requested Resource::/views/images/sw1.jpg
19:24:37,228  INFO AuthenticationFilter:31 - Requested Resource::/views/addGoal.jsp
19:25:25,866  INFO AuthenticationFilter:31 - Requested Resource::/LoginServlet
19:25:25,898  INFO AuthenticationFilter:31 - Requested Resource::/LoginSuccess
19:25:25,977  INFO AuthenticationFilter:31 - Requested Resource::/views/css/loginSuccess2.css
19:27:36,181  INFO AuthenticationFilter:20 - AuthenticationFilter initialized
19:27:36,183  INFO RequestLoggingFilter:53 - RequestLoggingFilter Initialized
19:27:44,225  INFO AuthenticationFilter:31 - Requested Resource::/LoginSuccess
19:27:44,225  INFO AuthenticationFilter:40 - Unauthorized access request
19:27:44,233  INFO AuthenticationFilter:31 - Requested Resource::/views/login.html
19:27:47,821  INFO AuthenticationFilter:31 - Requested Resource::/LoginServlet
19:27:48,081  INFO AuthenticationFilter:31 - Requested Resource::/LoginSuccess
19:27:48,844  INFO AuthenticationFilter:31 - Requested Resource::/views/script/loginSuccess.js
19:30:24,471  INFO AuthenticationFilter:20 - AuthenticationFilter initialized
19:30:24,472  INFO RequestLoggingFilter:53 - RequestLoggingFilter Initialized
19:30:27,643  INFO AuthenticationFilter:31 - Requested Resource::/LoginSuccess
19:30:27,643  INFO AuthenticationFilter:40 - Unauthorized access request
19:30:27,654  INFO AuthenticationFilter:31 - Requested Resource::/views/login.html
19:30:30,942  INFO AuthenticationFilter:31 - Requested Resource::/LoginServlet
19:30:31,203  INFO AuthenticationFilter:31 - Requested Resource::/LoginSuccess
19:30:31,980  INFO AuthenticationFilter:31 - Requested Resource::/views/css/loginSuccess2.css
19:30:56,556  INFO AuthenticationFilter:20 - AuthenticationFilter initialized
19:30:56,557  INFO RequestLoggingFilter:53 - RequestLoggingFilter Initialized
19:31:23,588  INFO AuthenticationFilter:20 - AuthenticationFilter initialized
19:31:23,589  INFO RequestLoggingFilter:53 - RequestLoggingFilter Initialized
19:31:28,112  INFO AuthenticationFilter:31 - Requested Resource::/LogoutServlet
19:31:28,113  INFO AuthenticationFilter:40 - Unauthorized access request
19:31:28,119  INFO AuthenticationFilter:31 - Requested Resource::/views/login.html
19:31:38,200  INFO AuthenticationFilter:31 - Requested Resource::/LoginServlet
19:31:38,436  INFO AuthenticationFilter:31 - Requested Resource::/LoginSuccess
19:33:35,744  INFO AuthenticationFilter:20 - AuthenticationFilter initialized
19:33:35,745  INFO RequestLoggingFilter:53 - RequestLoggingFilter Initialized
19:33:38,521  INFO AuthenticationFilter:31 - Requested Resource::/LoginSuccess
19:33:38,521  INFO AuthenticationFilter:40 - Unauthorized access request
19:33:38,530  INFO AuthenticationFilter:31 - Requested Resource::/views/login.html
19:33:41,787  INFO AuthenticationFilter:31 - Requested Resource::/LoginServlet
19:33:42,078  INFO AuthenticationFilter:31 - Requested Resource::/LoginSuccess
19:34:45,249  INFO AuthenticationFilter:20 - AuthenticationFilter initialized
19:34:45,251  INFO RequestLoggingFilter:53 - RequestLoggingFilter Initialized
19:34:59,075  INFO AuthenticationFilter:31 - Requested Resource::/LoginServlet
19:34:59,300  INFO AuthenticationFilter:31 - Requested Resource::/LoginSuccess
19:35:00,106  INFO AuthenticationFilter:31 - Requested Resource::/views/css/loginSuccess2.css
19:36:41,868  INFO AuthenticationFilter:20 - AuthenticationFilter initialized
19:36:41,869  INFO RequestLoggingFilter:53 - RequestLoggingFilter Initialized
19:37:08,365  INFO AuthenticationFilter:31 - Requested Resource::/LoginServlet
19:37:08,584  INFO AuthenticationFilter:31 - Requested Resource::/LoginSuccess
19:37:09,493  INFO AuthenticationFilter:31 - Requested Resource::/views/script/loginSuccess.js
19:37:12,631  INFO AuthenticationFilter:31 - Requested Resource::/LogoutServlet
19:37:12,643  INFO AuthenticationFilter:31 - Requested Resource::/views/login.html
19:37:29,692  INFO AuthenticationFilter:20 - AuthenticationFilter initialized
19:37:29,693  INFO RequestLoggingFilter:53 - RequestLoggingFilter Initialized
19:37:41,886  INFO AuthenticationFilter:20 - AuthenticationFilter initialized
19:37:41,887  INFO RequestLoggingFilter:53 - RequestLoggingFilter Initialized
19:37:43,626  INFO AuthenticationFilter:31 - Requested Resource::/LoginServlet
19:37:46,232  INFO AuthenticationFilter:31 - Requested Resource::/LoginServlet
19:37:49,726  INFO AuthenticationFilter:31 - Requested Resource::/LoginServlet
19:37:49,776  INFO AuthenticationFilter:31 - Requested Resource::/LoginSuccess
19:38:00,039  INFO AuthenticationFilter:31 - Requested Resource::/LogoutServlet
19:38:00,079  INFO AuthenticationFilter:31 - Requested Resource::/views/login.html
19:38:03,755  INFO AuthenticationFilter:31 - Requested Resource::/LoginServlet
19:38:03,786  INFO AuthenticationFilter:31 - Requested Resource::/LoginSuccess
19:40:03,858  INFO AuthenticationFilter:20 - AuthenticationFilter initialized
19:40:03,860  INFO RequestLoggingFilter:53 - RequestLoggingFilter Initialized
19:40:54,795  INFO AuthenticationFilter:20 - AuthenticationFilter initialized
19:40:54,797  INFO RequestLoggingFilter:53 - RequestLoggingFilter Initialized
19:41:04,516  INFO AuthenticationFilter:31 - Requested Resource::/LoginServlet
19:41:04,669  INFO AuthenticationFilter:31 - Requested Resource::/LoginSuccess
19:41:05,316  INFO AuthenticationFilter:31 - Requested Resource::/views/css/loginSuccess2.css
19:41:05,340  INFO AuthenticationFilter:31 - Requested Resource::/views/images/yellowIntro.jpg
19:42:03,996  INFO AuthenticationFilter:20 - AuthenticationFilter initialized
19:42:03,997  INFO RequestLoggingFilter:53 - RequestLoggingFilter Initialized
19:42:09,088  INFO AuthenticationFilter:31 - Requested Resource::/LoginServlet
19:42:09,242  INFO AuthenticationFilter:31 - Requested Resource::/LoginSuccess
19:42:57,263  INFO AuthenticationFilter:31 - Requested Resource::/views/addExercise.jsp
